<?xml version="1.0" encoding="utf-8"?><testsuites name="pytest tests"><testsuite name="pytest" errors="0" failures="0" skipped="0" tests="13" time="22.091" timestamp="2026-08-11T06:20:21.444434+00:00" hostname="agent-env-651108ce-f788-40cb-8d5c-fd18847befb6"><testcase classname="tests.test_db_migration_state" name="test_alembic_head_revision_active" time="2.096" /><testcase classname="tests.test_fan_wall_api" name="test_api_root" time="2.360" /><testcase classname="tests.test_db_migration_state" name="test_fan_wall_tables_exist" time="2.161" /><testcase classname="tests.test_fan_wall_api" name="test_fan_wall_stats_structure" time="2.383" /><testcase classname="tests.test_fan_wall_api" name="test_fan_wall_list_default_only_approved" time="0.981" /><testcase classname="tests.test_fan_wall_api" name="test_fan_wall_filter_by_role" time="0.979" /><testcase classname="tests.test_fan_wall_api" name="test_fan_wall_filter_by_province" time="0.982" /><testcase classname="tests.test_fan_wall_api" name="test_fan_wall_search_by_name" time="0.982" /><testcase classname="tests.test_fan_wall_api" name="test_fan_wall_sort_popular_descending" time="0.979" /><testcase classname="tests.test_fan_wall_api" name="test_submit_message_hidden_until_approved_and_like_404_when_unapproved" time="3.637" /><testcase classname="tests.test_fan_wall_api" name="test_like_endpoint_increments_approved_message" time="3.399" /><testcase classname="tests.test_fan_wall_api" name="test_like_endpoint_idempotent_for_identical_client_fingerprint" time="4.104" /><testcase classname="tests.test_fan_wall_api" name="test_like_nonexistent_message_returns_404" time="0.745" /></testsuite></testsuites>