<?xml version="1.0" encoding="utf-8"?><testsuites name="pytest tests"><testsuite name="pytest" errors="0" failures="0" skipped="0" tests="9" time="1.297" timestamp="2026-08-11T06:00:48.693641+00:00" hostname="agent-env-651108ce-f788-40cb-8d5c-fd18847befb6"><testcase classname="tests.test_fan_wall_api" name="test_api_root" time="0.181" /><testcase classname="tests.test_fan_wall_api" name="test_fan_wall_stats_structure" time="0.052" /><testcase classname="tests.test_fan_wall_api" name="test_fan_wall_list_default_only_approved" time="0.051" /><testcase classname="tests.test_fan_wall_api" name="test_fan_wall_filter_by_role" time="0.050" /><testcase classname="tests.test_fan_wall_api" name="test_fan_wall_filter_by_province" time="0.051" /><testcase classname="tests.test_fan_wall_api" name="test_fan_wall_search_by_name" time="0.047" /><testcase classname="tests.test_fan_wall_api" name="test_fan_wall_sort_popular_descending" time="0.048" /><testcase classname="tests.test_fan_wall_api" name="test_submit_message_hidden_until_approved_and_like_404_when_unapproved" time="0.147" /><testcase classname="tests.test_fan_wall_api" name="test_like_endpoint_increments_approved_message" time="0.140" /></testsuite></testsuites>